<?xml version="1.0" encoding="UTF-8"?>
<testsuite xmlns:xsi="http://www.w3.org/2001/XMLSchema-instance" xsi:noNamespaceSchemaLocation="https://maven.apache.org/surefire/maven-surefire-plugin/xsd/surefire-test-report.xsd" name="TestSuite" time="450.946" tests="13" errors="0" skipped="0" failures="0">
  <properties>
    <property name="sun.desktop" value="windows"/>
    <property name="awt.toolkit" value="sun.awt.windows.WToolkit"/>
    <property name="file.encoding.pkg" value="sun.io"/>
    <property name="java.specification.version" value="1.8"/>
    <property name="sun.cpu.isalist" value="amd64"/>
    <property name="sun.jnu.encoding" value="Cp1252"/>
    <property name="java.class.path" value="C:\SeleniumPoint\CRMTest\target\test-classes;C:\SeleniumPoint\CRMTest\target\classes;C:\Users\rakesh_tiwari\.m2\repository\junit\junit\4.11\junit-4.11.jar;C:\Users\rakesh_tiwari\.m2\repository\org\hamcrest\hamcrest-core\1.3\hamcrest-core-1.3.jar;C:\Users\rakesh_tiwari\.m2\repository\org\seleniumhq\selenium\selenium-java\3.13.0\selenium-java-3.13.0.jar;C:\Users\rakesh_tiwari\.m2\repository\org\seleniumhq\selenium\selenium-api\3.13.0\selenium-api-3.13.0.jar;C:\Users\rakesh_tiwari\.m2\repository\org\seleniumhq\selenium\selenium-chrome-driver\3.13.0\selenium-chrome-driver-3.13.0.jar;C:\Users\rakesh_tiwari\.m2\repository\org\seleniumhq\selenium\selenium-edge-driver\3.13.0\selenium-edge-driver-3.13.0.jar;C:\Users\rakesh_tiwari\.m2\repository\org\seleniumhq\selenium\selenium-firefox-driver\3.13.0\selenium-firefox-driver-3.13.0.jar;C:\Users\rakesh_tiwari\.m2\repository\org\seleniumhq\selenium\selenium-ie-driver\3.13.0\selenium-ie-driver-3.13.0.jar;C:\Users\rakesh_tiwari\.m2\repository\org\seleniumhq\selenium\selenium-opera-driver\3.13.0\selenium-opera-driver-3.13.0.jar;C:\Users\rakesh_tiwari\.m2\repository\org\seleniumhq\selenium\selenium-remote-driver\3.13.0\selenium-remote-driver-3.13.0.jar;C:\Users\rakesh_tiwari\.m2\repository\org\seleniumhq\selenium\selenium-safari-driver\3.13.0\selenium-safari-driver-3.13.0.jar;C:\Users\rakesh_tiwari\.m2\repository\org\seleniumhq\selenium\selenium-support\3.13.0\selenium-support-3.13.0.jar;C:\Users\rakesh_tiwari\.m2\repository\net\bytebuddy\byte-buddy\1.8.3\byte-buddy-1.8.3.jar;C:\Users\rakesh_tiwari\.m2\repository\org\apache\commons\commons-exec\1.3\commons-exec-1.3.jar;C:\Users\rakesh_tiwari\.m2\repository\commons-codec\commons-codec\1.10\commons-codec-1.10.jar;C:\Users\rakesh_tiwari\.m2\repository\commons-logging\commons-logging\1.2\commons-logging-1.2.jar;C:\Users\rakesh_tiwari\.m2\repository\com\google\code\gson\gson\2.8.4\gson-2.8.4.jar;C:\Users\rakesh_tiwari\.m2\repository\com\google\guava\guava\25.0-jre\guava-25.0-jre.jar;C:\Users\rakesh_tiwari\.m2\repository\com\google\code\findbugs\jsr305\1.3.9\jsr305-1.3.9.jar;C:\Users\rakesh_tiwari\.m2\repository\org\checkerframework\checker-compat-qual\2.0.0\checker-compat-qual-2.0.0.jar;C:\Users\rakesh_tiwari\.m2\repository\com\google\errorprone\error_prone_annotations\2.1.3\error_prone_annotations-2.1.3.jar;C:\Users\rakesh_tiwari\.m2\repository\com\google\j2objc\j2objc-annotations\1.1\j2objc-annotations-1.1.jar;C:\Users\rakesh_tiwari\.m2\repository\org\codehaus\mojo\animal-sniffer-annotations\1.14\animal-sniffer-annotations-1.14.jar;C:\Users\rakesh_tiwari\.m2\repository\org\apache\httpcomponents\httpclient\4.5.5\httpclient-4.5.5.jar;C:\Users\rakesh_tiwari\.m2\repository\org\apache\httpcomponents\httpcore\4.4.9\httpcore-4.4.9.jar;C:\Users\rakesh_tiwari\.m2\repository\com\squareup\okhttp3\okhttp\3.10.0\okhttp-3.10.0.jar;C:\Users\rakesh_tiwari\.m2\repository\com\squareup\okio\okio\1.14.1\okio-1.14.1.jar;C:\Users\rakesh_tiwari\.m2\repository\org\testng\testng\6.14.3\testng-6.14.3.jar;C:\Users\rakesh_tiwari\.m2\repository\com\beust\jcommander\1.72\jcommander-1.72.jar;C:\Users\rakesh_tiwari\.m2\repository\org\apache-extras\beanshell\bsh\2.0b6\bsh-2.0b6.jar;C:\Users\rakesh_tiwari\.m2\repository\org\apache\poi\poi\3.9\poi-3.9.jar;C:\Users\rakesh_tiwari\.m2\repository\org\apache\poi\poi-ooxml\3.9\poi-ooxml-3.9.jar;C:\Users\rakesh_tiwari\.m2\repository\dom4j\dom4j\1.6.1\dom4j-1.6.1.jar;C:\Users\rakesh_tiwari\.m2\repository\xml-apis\xml-apis\1.0.b2\xml-apis-1.0.b2.jar;C:\Users\rakesh_tiwari\.m2\repository\org\apache\poi\poi-ooxml-schemas\3.9\poi-ooxml-schemas-3.9.jar;C:\Users\rakesh_tiwari\.m2\repository\org\apache\xmlbeans\xmlbeans\2.3.0\xmlbeans-2.3.0.jar;C:\Users\rakesh_tiwari\.m2\repository\stax\stax-api\1.0.1\stax-api-1.0.1.jar;C:\Users\rakesh_tiwari\.m2\repository\org\apache\poi\poi-scratchpad\3.9\poi-scratchpad-3.9.jar;C:\Users\rakesh_tiwari\.m2\repository\org\apache\poi\ooxml-schemas\1.1\ooxml-schemas-1.1.jar;C:\Users\rakesh_tiwari\.m2\repository\org\apache\poi\openxml4j\1.0-beta\openxml4j-1.0-beta.jar;C:\Users\rakesh_tiwari\.m2\repository\log4j\log4j\1.2.8\log4j-1.2.8.jar;C:\Users\rakesh_tiwari\.m2\repository\commons-io\commons-io\1.3.2\commons-io-1.3.2.jar;C:\Users\rakesh_tiwari\.m2\repository\com\relevantcodes\extentreports\2.41.2\extentreports-2.41.2.jar;C:\Users\rakesh_tiwari\.m2\repository\org\jsoup\jsoup\1.8.3\jsoup-1.8.3.jar;C:\Users\rakesh_tiwari\.m2\repository\org\xerial\sqlite-jdbc\3.8.11.1\sqlite-jdbc-3.8.11.1.jar;C:\Users\rakesh_tiwari\.m2\repository\org\freemarker\freemarker\2.3.23\freemarker-2.3.23.jar;C:\Users\rakesh_tiwari\.m2\repository\org\mongodb\mongodb-driver\3.0.4\mongodb-driver-3.0.4.jar;C:\Users\rakesh_tiwari\.m2\repository\org\mongodb\bson\3.0.4\bson-3.0.4.jar;C:\Users\rakesh_tiwari\.m2\repository\org\mongodb\mongodb-driver-core\3.0.4\mongodb-driver-core-3.0.4.jar;C:\Users\rakesh_tiwari\.m2\repository\org\apache\maven\plugins\maven-dependency-plugin\3.1.1\maven-dependency-plugin-3.1.1.jar;C:\Users\rakesh_tiwari\.m2\repository\org\apache\maven\maven-artifact\3.0\maven-artifact-3.0.jar;C:\Users\rakesh_tiwari\.m2\repository\org\apache\maven\maven-plugin-api\3.0\maven-plugin-api-3.0.jar;C:\Users\rakesh_tiwari\.m2\repository\org\sonatype\sisu\sisu-inject-plexus\1.4.2\sisu-inject-plexus-1.4.2.jar;C:\Users\rakesh_tiwari\.m2\repository\org\sonatype\sisu\sisu-inject-bean\1.4.2\sisu-inject-bean-1.4.2.jar;C:\Users\rakesh_tiwari\.m2\repository\org\sonatype\sisu\sisu-guice\2.1.7\sisu-guice-2.1.7-noaop.jar;C:\Users\rakesh_tiwari\.m2\repository\org\apache\maven\maven-model\3.0\maven-model-3.0.jar;C:\Users\rakesh_tiwari\.m2\repository\org\apache\maven\maven-core\3.0\maven-core-3.0.jar;C:\Users\rakesh_tiwari\.m2\repository\org\apache\maven\maven-settings\3.0\maven-settings-3.0.jar;C:\Users\rakesh_tiwari\.m2\repository\org\apache\maven\maven-settings-builder\3.0\maven-settings-builder-3.0.jar;C:\Users\rakesh_tiwari\.m2\repository\org\apache\maven\maven-model-builder\3.0\maven-model-builder-3.0.jar;C:\Users\rakesh_tiwari\.m2\repository\org\apache\maven\maven-aether-provider\3.0\maven-aether-provider-3.0.jar;C:\Users\rakesh_tiwari\.m2\repository\org\sonatype\aether\aether-impl\1.7\aether-impl-1.7.jar;C:\Users\rakesh_tiwari\.m2\repository\org\sonatype\aether\aether-spi\1.7\aether-spi-1.7.jar;C:\Users\rakesh_tiwari\.m2\repository\org\sonatype\aether\aether-api\1.7\aether-api-1.7.jar;C:\Users\rakesh_tiwari\.m2\repository\org\sonatype\aether\aether-util\1.7\aether-util-1.7.jar;C:\Users\rakesh_tiwari\.m2\repository\org\codehaus\plexus\plexus-interpolation\1.14\plexus-interpolation-1.14.jar;C:\Users\rakesh_tiwari\.m2\repository\org\codehaus\plexus\plexus-classworlds\2.2.3\plexus-classworlds-2.2.3.jar;C:\Users\rakesh_tiwari\.m2\repository\org\codehaus\plexus\plexus-component-annotations\1.5.5\plexus-component-annotations-1.5.5.jar;C:\Users\rakesh_tiwari\.m2\repository\org\sonatype\plexus\plexus-sec-dispatcher\1.3\plexus-sec-dispatcher-1.3.jar;C:\Users\rakesh_tiwari\.m2\repository\org\sonatype\plexus\plexus-cipher\1.4\plexus-cipher-1.4.jar;C:\Users\rakesh_tiwari\.m2\repository\org\apache\maven\maven-repository-metadata\3.0\maven-repository-metadata-3.0.jar;C:\Users\rakesh_tiwari\.m2\repository\org\apache\maven\reporting\maven-reporting-api\3.0\maven-reporting-api-3.0.jar;C:\Users\rakesh_tiwari\.m2\repository\org\apache\maven\reporting\maven-reporting-impl\2.3\maven-reporting-impl-2.3.jar;C:\Users\rakesh_tiwari\.m2\repository\org\apache\maven\doxia\doxia-core\1.2\doxia-core-1.2.jar;C:\Users\rakesh_tiwari\.m2\repository\xerces\xercesImpl\2.9.1\xercesImpl-2.9.1.jar;C:\Users\rakesh_tiwari\.m2\repository\commons-validator\commons-validator\1.3.1\commons-validator-1.3.1.jar;C:\Users\rakesh_tiwari\.m2\repository\commons-beanutils\commons-beanutils\1.7.0\commons-beanutils-1.7.0.jar;C:\Users\rakesh_tiwari\.m2\repository\commons-digester\commons-digester\1.6\commons-digester-1.6.jar;C:\Users\rakesh_tiwari\.m2\repository\org\apache\maven\doxia\doxia-sink-api\1.4\doxia-sink-api-1.4.jar;C:\Users\rakesh_tiwari\.m2\repository\org\apache\maven\doxia\doxia-logging-api\1.4\doxia-logging-api-1.4.jar;C:\Users\rakesh_tiwari\.m2\repository\org\apache\maven\doxia\doxia-site-renderer\1.4\doxia-site-renderer-1.4.jar;C:\Users\rakesh_tiwari\.m2\repository\org\apache\maven\doxia\doxia-decoration-model\1.4\doxia-decoration-model-1.4.jar;C:\Users\rakesh_tiwari\.m2\repository\org\apache\maven\doxia\doxia-module-xhtml\1.4\doxia-module-xhtml-1.4.jar;C:\Users\rakesh_tiwari\.m2\repository\org\apache\maven\doxia\doxia-module-fml\1.4\doxia-module-fml-1.4.jar;C:\Users\rakesh_tiwari\.m2\repository\org\codehaus\plexus\plexus-i18n\1.0-beta-7\plexus-i18n-1.0-beta-7.jar;C:\Users\rakesh_tiwari\.m2\repository\org\codehaus\plexus\plexus-container-default\1.0-alpha-30\plexus-container-default-1.0-alpha-30.jar;C:\Users\rakesh_tiwari\.m2\repository\org\codehaus\plexus\plexus-velocity\1.1.7\plexus-velocity-1.1.7.jar;C:\Users\rakesh_tiwari\.m2\repository\org\apache\velocity\velocity\1.5\velocity-1.5.jar;C:\Users\rakesh_tiwari\.m2\repository\oro\oro\2.0.8\oro-2.0.8.jar;C:\Users\rakesh_tiwari\.m2\repository\org\apache\velocity\velocity-tools\2.0\velocity-tools-2.0.jar;C:\Users\rakesh_tiwari\.m2\repository\commons-chain\commons-chain\1.1\commons-chain-1.1.jar;C:\Users\rakesh_tiwari\.m2\repository\sslext\sslext\1.2-0\sslext-1.2-0.jar;C:\Users\rakesh_tiwari\.m2\repository\org\apache\struts\struts-core\1.3.8\struts-core-1.3.8.jar;C:\Users\rakesh_tiwari\.m2\repository\antlr\antlr\2.7.2\antlr-2.7.2.jar;C:\Users\rakesh_tiwari\.m2\repository\org\apache\struts\struts-taglib\1.3.8\struts-taglib-1.3.8.jar;C:\Users\rakesh_tiwari\.m2\repository\org\apache\struts\struts-tiles\1.3.8\struts-tiles-1.3.8.jar;C:\Users\rakesh_tiwari\.m2\repository\org\codehaus\plexus\plexus-archiver\3.6.0\plexus-archiver-3.6.0.jar;C:\Users\rakesh_tiwari\.m2\repository\org\apache\commons\commons-compress\1.16.1\commons-compress-1.16.1.jar;C:\Users\rakesh_tiwari\.m2\repository\org\objenesis\objenesis\2.6\objenesis-2.6.jar;C:\Users\rakesh_tiwari\.m2\repository\org\iq80\snappy\snappy\0.4\snappy-0.4.jar;C:\Users\rakesh_tiwari\.m2\repository\org\tukaani\xz\1.8\xz-1.8.jar;C:\Users\rakesh_tiwari\.m2\repository\org\codehaus\plexus\plexus-utils\3.1.0\plexus-utils-3.1.0.jar;C:\Users\rakesh_tiwari\.m2\repository\org\apache\maven\shared\file-management\3.0.0\file-management-3.0.0.jar;C:\Users\rakesh_tiwari\.m2\repository\org\apache\maven\shared\maven-shared-io\3.0.0\maven-shared-io-3.0.0.jar;C:\Users\rakesh_tiwari\.m2\repository\org\apache\maven\maven-compat\3.0\maven-compat-3.0.jar;C:\Users\rakesh_tiwari\.m2\repository\org\apache\maven\wagon\wagon-provider-api\2.10\wagon-provider-api-2.10.jar;C:\Users\rakesh_tiwari\.m2\repository\org\codehaus\plexus\plexus-io\3.0.0\plexus-io-3.0.0.jar;C:\Users\rakesh_tiwari\.m2\repository\org\apache\maven\shared\maven-dependency-analyzer\1.10\maven-dependency-analyzer-1.10.jar;C:\Users\rakesh_tiwari\.m2\repository\org\ow2\asm\asm\6.1.1\asm-6.1.1.jar;C:\Users\rakesh_tiwari\.m2\repository\org\apache\maven\shared\maven-dependency-tree\3.0.1\maven-dependency-tree-3.0.1.jar;C:\Users\rakesh_tiwari\.m2\repository\org\eclipse\aether\aether-util\0.9.0.M2\aether-util-0.9.0.M2.jar;C:\Users\rakesh_tiwari\.m2\repository\org\apache\maven\shared\maven-common-artifact-filters\3.0.1\maven-common-artifact-filters-3.0.1.jar;C:\Users\rakesh_tiwari\.m2\repository\org\apache\maven\shared\maven-artifact-transfer\0.9.1\maven-artifact-transfer-0.9.1.jar;C:\Users\rakesh_tiwari\.m2\repository\org\slf4j\slf4j-api\1.7.5\slf4j-api-1.7.5.jar;C:\Users\rakesh_tiwari\.m2\repository\org\apache\maven\shared\maven-shared-utils\3.2.0\maven-shared-utils-3.2.0.jar;C:\Users\rakesh_tiwari\.m2\repository\commons-lang\commons-lang\2.6\commons-lang-2.6.jar;C:\Users\rakesh_tiwari\.m2\repository\commons-collections\commons-collections\3.2.2\commons-collections-3.2.2.jar;C:\Users\rakesh_tiwari\.m2\repository\classworlds\classworlds\1.1\classworlds-1.1.jar;C:\Users\rakesh_tiwari\.m2\repository\org\apache\maven\surefire\surefire-testng-utils\2.22.0\surefire-testng-utils-2.22.0.jar;C:\Users\rakesh_tiwari\.m2\repository\org\apache\maven\surefire\surefire-grouper\2.22.0\surefire-grouper-2.22.0.jar;"/>
    <property name="java.vm.vendor" value="Oracle Corporation"/>
    <property name="sun.arch.data.model" value="64"/>
    <property name="user.variant" value=""/>
    <property name="java.vendor.url" value="http://java.oracle.com/"/>
    <property name="user.timezone" value="Asia/Calcutta"/>
    <property name="java.vm.specification.version" value="1.8"/>
    <property name="os.name" value="Windows 10"/>
    <property name="user.country" value="IN"/>
    <property name="sun.java.launcher" value="SUN_STANDARD"/>
    <property name="sun.boot.library.path" value="C:\Program Files\Java\jdk1.8.0_101\jre\bin"/>
    <property name="sun.java.command" value="C:\Users\RAKESH~1\AppData\Local\Temp\surefire4541137978626949232\surefirebooter4514389297235238673.jar C:\Users\rakesh_tiwari\AppData\Local\Temp\surefire4541137978626949232 2018-07-27T17-39-18_589-jvmRun1 surefire335728120064159239tmp surefire_0254364437092835291tmp"/>
    <property name="surefire.test.class.path" value="C:\SeleniumPoint\CRMTest\target\test-classes;C:\SeleniumPoint\CRMTest\target\classes;C:\Users\rakesh_tiwari\.m2\repository\junit\junit\4.11\junit-4.11.jar;C:\Users\rakesh_tiwari\.m2\repository\org\hamcrest\hamcrest-core\1.3\hamcrest-core-1.3.jar;C:\Users\rakesh_tiwari\.m2\repository\org\seleniumhq\selenium\selenium-java\3.13.0\selenium-java-3.13.0.jar;C:\Users\rakesh_tiwari\.m2\repository\org\seleniumhq\selenium\selenium-api\3.13.0\selenium-api-3.13.0.jar;C:\Users\rakesh_tiwari\.m2\repository\org\seleniumhq\selenium\selenium-chrome-driver\3.13.0\selenium-chrome-driver-3.13.0.jar;C:\Users\rakesh_tiwari\.m2\repository\org\seleniumhq\selenium\selenium-edge-driver\3.13.0\selenium-edge-driver-3.13.0.jar;C:\Users\rakesh_tiwari\.m2\repository\org\seleniumhq\selenium\selenium-firefox-driver\3.13.0\selenium-firefox-driver-3.13.0.jar;C:\Users\rakesh_tiwari\.m2\repository\org\seleniumhq\selenium\selenium-ie-driver\3.13.0\selenium-ie-driver-3.13.0.jar;C:\Users\rakesh_tiwari\.m2\repository\org\seleniumhq\selenium\selenium-opera-driver\3.13.0\selenium-opera-driver-3.13.0.jar;C:\Users\rakesh_tiwari\.m2\repository\org\seleniumhq\selenium\selenium-remote-driver\3.13.0\selenium-remote-driver-3.13.0.jar;C:\Users\rakesh_tiwari\.m2\repository\org\seleniumhq\selenium\selenium-safari-driver\3.13.0\selenium-safari-driver-3.13.0.jar;C:\Users\rakesh_tiwari\.m2\repository\org\seleniumhq\selenium\selenium-support\3.13.0\selenium-support-3.13.0.jar;C:\Users\rakesh_tiwari\.m2\repository\net\bytebuddy\byte-buddy\1.8.3\byte-buddy-1.8.3.jar;C:\Users\rakesh_tiwari\.m2\repository\org\apache\commons\commons-exec\1.3\commons-exec-1.3.jar;C:\Users\rakesh_tiwari\.m2\repository\commons-codec\commons-codec\1.10\commons-codec-1.10.jar;C:\Users\rakesh_tiwari\.m2\repository\commons-logging\commons-logging\1.2\commons-logging-1.2.jar;C:\Users\rakesh_tiwari\.m2\repository\com\google\code\gson\gson\2.8.4\gson-2.8.4.jar;C:\Users\rakesh_tiwari\.m2\repository\com\google\guava\guava\25.0-jre\guava-25.0-jre.jar;C:\Users\rakesh_tiwari\.m2\repository\com\google\code\findbugs\jsr305\1.3.9\jsr305-1.3.9.jar;C:\Users\rakesh_tiwari\.m2\repository\org\checkerframework\checker-compat-qual\2.0.0\checker-compat-qual-2.0.0.jar;C:\Users\rakesh_tiwari\.m2\repository\com\google\errorprone\error_prone_annotations\2.1.3\error_prone_annotations-2.1.3.jar;C:\Users\rakesh_tiwari\.m2\repository\com\google\j2objc\j2objc-annotations\1.1\j2objc-annotations-1.1.jar;C:\Users\rakesh_tiwari\.m2\repository\org\codehaus\mojo\animal-sniffer-annotations\1.14\animal-sniffer-annotations-1.14.jar;C:\Users\rakesh_tiwari\.m2\repository\org\apache\httpcomponents\httpclient\4.5.5\httpclient-4.5.5.jar;C:\Users\rakesh_tiwari\.m2\repository\org\apache\httpcomponents\httpcore\4.4.9\httpcore-4.4.9.jar;C:\Users\rakesh_tiwari\.m2\repository\com\squareup\okhttp3\okhttp\3.10.0\okhttp-3.10.0.jar;C:\Users\rakesh_tiwari\.m2\repository\com\squareup\okio\okio\1.14.1\okio-1.14.1.jar;C:\Users\rakesh_tiwari\.m2\repository\org\testng\testng\6.14.3\testng-6.14.3.jar;C:\Users\rakesh_tiwari\.m2\repository\com\beust\jcommander\1.72\jcommander-1.72.jar;C:\Users\rakesh_tiwari\.m2\repository\org\apache-extras\beanshell\bsh\2.0b6\bsh-2.0b6.jar;C:\Users\rakesh_tiwari\.m2\repository\org\apache\poi\poi\3.9\poi-3.9.jar;C:\Users\rakesh_tiwari\.m2\repository\org\apache\poi\poi-ooxml\3.9\poi-ooxml-3.9.jar;C:\Users\rakesh_tiwari\.m2\repository\dom4j\dom4j\1.6.1\dom4j-1.6.1.jar;C:\Users\rakesh_tiwari\.m2\repository\xml-apis\xml-apis\1.0.b2\xml-apis-1.0.b2.jar;C:\Users\rakesh_tiwari\.m2\repository\org\apache\poi\poi-ooxml-schemas\3.9\poi-ooxml-schemas-3.9.jar;C:\Users\rakesh_tiwari\.m2\repository\org\apache\xmlbeans\xmlbeans\2.3.0\xmlbeans-2.3.0.jar;C:\Users\rakesh_tiwari\.m2\repository\stax\stax-api\1.0.1\stax-api-1.0.1.jar;C:\Users\rakesh_tiwari\.m2\repository\org\apache\poi\poi-scratchpad\3.9\poi-scratchpad-3.9.jar;C:\Users\rakesh_tiwari\.m2\repository\org\apache\poi\ooxml-schemas\1.1\ooxml-schemas-1.1.jar;C:\Users\rakesh_tiwari\.m2\repository\org\apache\poi\openxml4j\1.0-beta\openxml4j-1.0-beta.jar;C:\Users\rakesh_tiwari\.m2\repository\log4j\log4j\1.2.8\log4j-1.2.8.jar;C:\Users\rakesh_tiwari\.m2\repository\commons-io\commons-io\1.3.2\commons-io-1.3.2.jar;C:\Users\rakesh_tiwari\.m2\repository\com\relevantcodes\extentreports\2.41.2\extentreports-2.41.2.jar;C:\Users\rakesh_tiwari\.m2\repository\org\jsoup\jsoup\1.8.3\jsoup-1.8.3.jar;C:\Users\rakesh_tiwari\.m2\repository\org\xerial\sqlite-jdbc\3.8.11.1\sqlite-jdbc-3.8.11.1.jar;C:\Users\rakesh_tiwari\.m2\repository\org\freemarker\freemarker\2.3.23\freemarker-2.3.23.jar;C:\Users\rakesh_tiwari\.m2\repository\org\mongodb\mongodb-driver\3.0.4\mongodb-driver-3.0.4.jar;C:\Users\rakesh_tiwari\.m2\repository\org\mongodb\bson\3.0.4\bson-3.0.4.jar;C:\Users\rakesh_tiwari\.m2\repository\org\mongodb\mongodb-driver-core\3.0.4\mongodb-driver-core-3.0.4.jar;C:\Users\rakesh_tiwari\.m2\repository\org\apache\maven\plugins\maven-dependency-plugin\3.1.1\maven-dependency-plugin-3.1.1.jar;C:\Users\rakesh_tiwari\.m2\repository\org\apache\maven\maven-artifact\3.0\maven-artifact-3.0.jar;C:\Users\rakesh_tiwari\.m2\repository\org\apache\maven\maven-plugin-api\3.0\maven-plugin-api-3.0.jar;C:\Users\rakesh_tiwari\.m2\repository\org\sonatype\sisu\sisu-inject-plexus\1.4.2\sisu-inject-plexus-1.4.2.jar;C:\Users\rakesh_tiwari\.m2\repository\org\sonatype\sisu\sisu-inject-bean\1.4.2\sisu-inject-bean-1.4.2.jar;C:\Users\rakesh_tiwari\.m2\repository\org\sonatype\sisu\sisu-guice\2.1.7\sisu-guice-2.1.7-noaop.jar;C:\Users\rakesh_tiwari\.m2\repository\org\apache\maven\maven-model\3.0\maven-model-3.0.jar;C:\Users\rakesh_tiwari\.m2\repository\org\apache\maven\maven-core\3.0\maven-core-3.0.jar;C:\Users\rakesh_tiwari\.m2\repository\org\apache\maven\maven-settings\3.0\maven-settings-3.0.jar;C:\Users\rakesh_tiwari\.m2\repository\org\apache\maven\maven-settings-builder\3.0\maven-settings-builder-3.0.jar;C:\Users\rakesh_tiwari\.m2\repository\org\apache\maven\maven-model-builder\3.0\maven-model-builder-3.0.jar;C:\Users\rakesh_tiwari\.m2\repository\org\apache\maven\maven-aether-provider\3.0\maven-aether-provider-3.0.jar;C:\Users\rakesh_tiwari\.m2\repository\org\sonatype\aether\aether-impl\1.7\aether-impl-1.7.jar;C:\Users\rakesh_tiwari\.m2\repository\org\sonatype\aether\aether-spi\1.7\aether-spi-1.7.jar;C:\Users\rakesh_tiwari\.m2\repository\org\sonatype\aether\aether-api\1.7\aether-api-1.7.jar;C:\Users\rakesh_tiwari\.m2\repository\org\sonatype\aether\aether-util\1.7\aether-util-1.7.jar;C:\Users\rakesh_tiwari\.m2\repository\org\codehaus\plexus\plexus-interpolation\1.14\plexus-interpolation-1.14.jar;C:\Users\rakesh_tiwari\.m2\repository\org\codehaus\plexus\plexus-classworlds\2.2.3\plexus-classworlds-2.2.3.jar;C:\Users\rakesh_tiwari\.m2\repository\org\codehaus\plexus\plexus-component-annotations\1.5.5\plexus-component-annotations-1.5.5.jar;C:\Users\rakesh_tiwari\.m2\repository\org\sonatype\plexus\plexus-sec-dispatcher\1.3\plexus-sec-dispatcher-1.3.jar;C:\Users\rakesh_tiwari\.m2\repository\org\sonatype\plexus\plexus-cipher\1.4\plexus-cipher-1.4.jar;C:\Users\rakesh_tiwari\.m2\repository\org\apache\maven\maven-repository-metadata\3.0\maven-repository-metadata-3.0.jar;C:\Users\rakesh_tiwari\.m2\repository\org\apache\maven\reporting\maven-reporting-api\3.0\maven-reporting-api-3.0.jar;C:\Users\rakesh_tiwari\.m2\repository\org\apache\maven\reporting\maven-reporting-impl\2.3\maven-reporting-impl-2.3.jar;C:\Users\rakesh_tiwari\.m2\repository\org\apache\maven\doxia\doxia-core\1.2\doxia-core-1.2.jar;C:\Users\rakesh_tiwari\.m2\repository\xerces\xercesImpl\2.9.1\xercesImpl-2.9.1.jar;C:\Users\rakesh_tiwari\.m2\repository\commons-validator\commons-validator\1.3.1\commons-validator-1.3.1.jar;C:\Users\rakesh_tiwari\.m2\repository\commons-beanutils\commons-beanutils\1.7.0\commons-beanutils-1.7.0.jar;C:\Users\rakesh_tiwari\.m2\repository\commons-digester\commons-digester\1.6\commons-digester-1.6.jar;C:\Users\rakesh_tiwari\.m2\repository\org\apache\maven\doxia\doxia-sink-api\1.4\doxia-sink-api-1.4.jar;C:\Users\rakesh_tiwari\.m2\repository\org\apache\maven\doxia\doxia-logging-api\1.4\doxia-logging-api-1.4.jar;C:\Users\rakesh_tiwari\.m2\repository\org\apache\maven\doxia\doxia-site-renderer\1.4\doxia-site-renderer-1.4.jar;C:\Users\rakesh_tiwari\.m2\repository\org\apache\maven\doxia\doxia-decoration-model\1.4\doxia-decoration-model-1.4.jar;C:\Users\rakesh_tiwari\.m2\repository\org\apache\maven\doxia\doxia-module-xhtml\1.4\doxia-module-xhtml-1.4.jar;C:\Users\rakesh_tiwari\.m2\repository\org\apache\maven\doxia\doxia-module-fml\1.4\doxia-module-fml-1.4.jar;C:\Users\rakesh_tiwari\.m2\repository\org\codehaus\plexus\plexus-i18n\1.0-beta-7\plexus-i18n-1.0-beta-7.jar;C:\Users\rakesh_tiwari\.m2\repository\org\codehaus\plexus\plexus-container-default\1.0-alpha-30\plexus-container-default-1.0-alpha-30.jar;C:\Users\rakesh_tiwari\.m2\repository\org\codehaus\plexus\plexus-velocity\1.1.7\plexus-velocity-1.1.7.jar;C:\Users\rakesh_tiwari\.m2\repository\org\apache\velocity\velocity\1.5\velocity-1.5.jar;C:\Users\rakesh_tiwari\.m2\repository\oro\oro\2.0.8\oro-2.0.8.jar;C:\Users\rakesh_tiwari\.m2\repository\org\apache\velocity\velocity-tools\2.0\velocity-tools-2.0.jar;C:\Users\rakesh_tiwari\.m2\repository\commons-chain\commons-chain\1.1\commons-chain-1.1.jar;C:\Users\rakesh_tiwari\.m2\repository\sslext\sslext\1.2-0\sslext-1.2-0.jar;C:\Users\rakesh_tiwari\.m2\repository\org\apache\struts\struts-core\1.3.8\struts-core-1.3.8.jar;C:\Users\rakesh_tiwari\.m2\repository\antlr\antlr\2.7.2\antlr-2.7.2.jar;C:\Users\rakesh_tiwari\.m2\repository\org\apache\struts\struts-taglib\1.3.8\struts-taglib-1.3.8.jar;C:\Users\rakesh_tiwari\.m2\repository\org\apache\struts\struts-tiles\1.3.8\struts-tiles-1.3.8.jar;C:\Users\rakesh_tiwari\.m2\repository\org\codehaus\plexus\plexus-archiver\3.6.0\plexus-archiver-3.6.0.jar;C:\Users\rakesh_tiwari\.m2\repository\org\apache\commons\commons-compress\1.16.1\commons-compress-1.16.1.jar;C:\Users\rakesh_tiwari\.m2\repository\org\objenesis\objenesis\2.6\objenesis-2.6.jar;C:\Users\rakesh_tiwari\.m2\repository\org\iq80\snappy\snappy\0.4\snappy-0.4.jar;C:\Users\rakesh_tiwari\.m2\repository\org\tukaani\xz\1.8\xz-1.8.jar;C:\Users\rakesh_tiwari\.m2\repository\org\codehaus\plexus\plexus-utils\3.1.0\plexus-utils-3.1.0.jar;C:\Users\rakesh_tiwari\.m2\repository\org\apache\maven\shared\file-management\3.0.0\file-management-3.0.0.jar;C:\Users\rakesh_tiwari\.m2\repository\org\apache\maven\shared\maven-shared-io\3.0.0\maven-shared-io-3.0.0.jar;C:\Users\rakesh_tiwari\.m2\repository\org\apache\maven\maven-compat\3.0\maven-compat-3.0.jar;C:\Users\rakesh_tiwari\.m2\repository\org\apache\maven\wagon\wagon-provider-api\2.10\wagon-provider-api-2.10.jar;C:\Users\rakesh_tiwari\.m2\repository\org\codehaus\plexus\plexus-io\3.0.0\plexus-io-3.0.0.jar;C:\Users\rakesh_tiwari\.m2\repository\org\apache\maven\shared\maven-dependency-analyzer\1.10\maven-dependency-analyzer-1.10.jar;C:\Users\rakesh_tiwari\.m2\repository\org\ow2\asm\asm\6.1.1\asm-6.1.1.jar;C:\Users\rakesh_tiwari\.m2\repository\org\apache\maven\shared\maven-dependency-tree\3.0.1\maven-dependency-tree-3.0.1.jar;C:\Users\rakesh_tiwari\.m2\repository\org\eclipse\aether\aether-util\0.9.0.M2\aether-util-0.9.0.M2.jar;C:\Users\rakesh_tiwari\.m2\repository\org\apache\maven\shared\maven-common-artifact-filters\3.0.1\maven-common-artifact-filters-3.0.1.jar;C:\Users\rakesh_tiwari\.m2\repository\org\apache\maven\shared\maven-artifact-transfer\0.9.1\maven-artifact-transfer-0.9.1.jar;C:\Users\rakesh_tiwari\.m2\repository\org\slf4j\slf4j-api\1.7.5\slf4j-api-1.7.5.jar;C:\Users\rakesh_tiwari\.m2\repository\org\apache\maven\shared\maven-shared-utils\3.2.0\maven-shared-utils-3.2.0.jar;C:\Users\rakesh_tiwari\.m2\repository\commons-lang\commons-lang\2.6\commons-lang-2.6.jar;C:\Users\rakesh_tiwari\.m2\repository\commons-collections\commons-collections\3.2.2\commons-collections-3.2.2.jar;C:\Users\rakesh_tiwari\.m2\repository\classworlds\classworlds\1.1\classworlds-1.1.jar;C:\Users\rakesh_tiwari\.m2\repository\org\apache\maven\surefire\surefire-testng-utils\2.22.0\surefire-testng-utils-2.22.0.jar;C:\Users\rakesh_tiwari\.m2\repository\org\apache\maven\surefire\surefire-grouper\2.22.0\surefire-grouper-2.22.0.jar;"/>
    <property name="sun.cpu.endian" value="little"/>
    <property name="user.home" value="C:\Users\rakesh_tiwari"/>
    <property name="user.language" value="en"/>
    <property name="java.specification.vendor" value="Oracle Corporation"/>
    <property name="java.home" value="C:\Program Files\Java\jdk1.8.0_101\jre"/>
    <property name="basedir" value="C:\SeleniumPoint\CRMTest"/>
    <property name="file.separator" value="\"/>
    <property name="line.separator" value="&#10;"/>
    <property name="java.vm.specification.vendor" value="Oracle Corporation"/>
    <property name="java.specification.name" value="Java Platform API Specification"/>
    <property name="java.awt.graphicsenv" value="sun.awt.Win32GraphicsEnvironment"/>
    <property name="surefire.real.class.path" value="C:\Users\RAKESH~1\AppData\Local\Temp\surefire4541137978626949232\surefirebooter4514389297235238673.jar"/>
    <property name="sun.boot.class.path" value="C:\Program Files\Java\jdk1.8.0_101\jre\lib\resources.jar;C:\Program Files\Java\jdk1.8.0_101\jre\lib\rt.jar;C:\Program Files\Java\jdk1.8.0_101\jre\lib\sunrsasign.jar;C:\Program Files\Java\jdk1.8.0_101\jre\lib\jsse.jar;C:\Program Files\Java\jdk1.8.0_101\jre\lib\jce.jar;C:\Program Files\Java\jdk1.8.0_101\jre\lib\charsets.jar;C:\Program Files\Java\jdk1.8.0_101\jre\lib\jfr.jar;C:\Program Files\Java\jdk1.8.0_101\jre\classes"/>
    <property name="user.script" value=""/>
    <property name="sun.management.compiler" value="HotSpot 64-Bit Tiered Compilers"/>
    <property name="java.runtime.version" value="1.8.0_101-b13"/>
    <property name="user.name" value="rakesh_tiwari"/>
    <property name="path.separator" value=";"/>
    <property name="os.version" value="10.0"/>
    <property name="java.endorsed.dirs" value="C:\Program Files\Java\jdk1.8.0_101\jre\lib\endorsed"/>
    <property name="java.runtime.name" value="Java(TM) SE Runtime Environment"/>
    <property name="file.encoding" value="Cp1252"/>
    <property name="java.vm.name" value="Java HotSpot(TM) 64-Bit Server VM"/>
    <property name="localRepository" value="C:\Users\rakesh_tiwari\.m2\repository"/>
    <property name="java.vendor.url.bug" value="http://bugreport.sun.com/bugreport/"/>
    <property name="java.io.tmpdir" value="C:\Users\RAKESH~1\AppData\Local\Temp\"/>
    <property name="java.version" value="1.8.0_101"/>
    <property name="user.dir" value="C:\SeleniumPoint\CRMTest"/>
    <property name="os.arch" value="amd64"/>
    <property name="java.vm.specification.name" value="Java Virtual Machine Specification"/>
    <property name="java.awt.printerjob" value="sun.awt.windows.WPrinterJob"/>
    <property name="sun.os.patch.level" value=""/>
    <property name="java.library.path" value="C:\Program Files\Java\jdk1.8.0_101\jre\bin;C:\WINDOWS\Sun\Java\bin;C:\WINDOWS\system32;C:\WINDOWS;C:\Users\rakesh_tiwari\.jenkins\tools\hudson.tasks.Maven_MavenInstallation\TestMaven/bin;C:\Program Files\Java\jdk1.8.0_101/bin;C:\Program Files\Java\jdk1.8.0_101/bin;C:\Program Files\Java\jdk1.8.0_101;C:\ProgramData\Oracle\Java\javapath;C:\WINDOWS\system32;C:\WINDOWS;C:\WINDOWS\System32\Wbem;C:\WINDOWS\System32\WindowsPowerShell\v1.0\;C:\Program Files\nodejs\;C:\Program Files\dotnet\;C:\Python37-32;C:\Python37-32\Scripts;C:\Program Files\Apache\Maven\bin;C:\Users\rakesh_tiwari\AppData\Local\Microsoft\WindowsApps;C:\Users\rakesh_tiwari\AppData\Roaming\npm;."/>
    <property name="java.vm.info" value="mixed mode"/>
    <property name="java.vendor" value="Oracle Corporation"/>
    <property name="java.vm.version" value="25.101-b13"/>
    <property name="java.ext.dirs" value="C:\Program Files\Java\jdk1.8.0_101\jre\lib\ext;C:\WINDOWS\Sun\Java\lib\ext"/>
    <property name="sun.io.unicode.encoding" value="UnicodeLittle"/>
    <property name="java.class.version" value="52.0"/>
  </properties>
  <testcase name="validateCompaniesLabel" classname="com.crm.qa.testcases.CompaniesPageTest" time="0.037"/>
  <testcase name="validateCompaniesPageTitleTest" classname="com.crm.qa.testcases.HomePageTest" time="0.012"/>
  <testcase name="validateLoginPageTitleTest" classname="com.crm.qa.testcases.LoginPageTest" time="0.028"/>
  <testcase name="newCompanyTest" classname="com.crm.qa.testcases.CompaniesPageTest" time="5.815"/>
  <testcase name="newCompanyTest" classname="com.crm.qa.testcases.CompaniesPageTest" time="5.848"/>
  <testcase name="newCompanyTest" classname="com.crm.qa.testcases.CompaniesPageTest" time="6.486"/>
  <testcase name="newCompanyTest" classname="com.crm.qa.testcases.CompaniesPageTest" time="5.823"/>
  <testcase name="newCompanyTest" classname="com.crm.qa.testcases.CompaniesPageTest" time="5.861"/>
  <testcase name="newCompanyTest" classname="com.crm.qa.testcases.CompaniesPageTest" time="5.97"/>
  <testcase name="newCompanyTest" classname="com.crm.qa.testcases.CompaniesPageTest" time="5.804"/>
  <testcase name="newCompanyTest" classname="com.crm.qa.testcases.CompaniesPageTest" time="5.814"/>
  <testcase name="newCompanyTest" classname="com.crm.qa.testcases.CompaniesPageTest" time="37.039"/>
  <testcase name="newCompanyTest" classname="com.crm.qa.testcases.CompaniesPageTest" time="5.887"/>
</testsuite>