<?xml version="1.0" encoding="UTF-8"?>
<!-- Generated by org.testng.reporters.JUnitReportReporter -->
<testsuite skipped="0" hostname="NGD22770" name="com.crm.qa.testcases.HomePageTest" tests="5" failures="0" timestamp="31 Jul 2018 11:50:13 GMT" time="82.173" errors="0">
  <testcase name="validateCompaniesPageTitleTest" time="13.475" classname="com.crm.qa.testcases.HomePageTest"/>
  <testcase name="validateUserNameTest" time="19.212" classname="com.crm.qa.testcases.HomePageTest"/>
  <testcase name="validateCompaniesLinkTest" time="15.826" classname="com.crm.qa.testcases.HomePageTest"/>
  <testcase name="mouseMovementOnCompaniesLinkTest" time="15.569" classname="com.crm.qa.testcases.HomePageTest"/>
  <testcase name="verifyResourcesLinkTest" time="18.091" classname="com.crm.qa.testcases.HomePageTest"/>
</testsuite> <!-- com.crm.qa.testcases.HomePageTest -->
