<?xml version="1.0" encoding="UTF-8"?>
<!-- Generated by org.testng.reporters.JUnitReportReporter -->
<testsuite skipped="0" hostname="NGD22770" name="com.crm.qa.testcases.HomePageTest" tests="4" failures="0" timestamp="26 Jul 2018 11:06:24 GMT" time="76.312" errors="0">
  <testcase name="validateCompaniesPageTitleTest" time="23.994" classname="com.crm.qa.testcases.HomePageTest"/>
  <testcase name="validateUserNameTest" time="15.815" classname="com.crm.qa.testcases.HomePageTest"/>
  <testcase name="validateCompaniesLinkTest" time="16.737" classname="com.crm.qa.testcases.HomePageTest"/>
  <testcase name="mouseMovementOnCompaniesLinkTest" time="19.766" classname="com.crm.qa.testcases.HomePageTest"/>
</testsuite> <!-- com.crm.qa.testcases.HomePageTest -->
