<?xml version="1.0" encoding="UTF-8"?>
<!-- Generated by org.testng.reporters.JUnitReportReporter -->
<testsuite skipped="0" hostname="NGD22770" name="com.crm.qa.testcases.ResourcesPageTest" tests="1" failures="0" timestamp="31 Jul 2018 14:03:36 GMT" time="34.931" errors="0">
  <testcase name="validateResourcesLabelTest" time="34.931" classname="com.crm.qa.testcases.ResourcesPageTest"/>
</testsuite> <!-- com.crm.qa.testcases.ResourcesPageTest -->
