<?xml version="1.0" encoding="UTF-8"?>
<!-- Generated by org.testng.reporters.JUnitReportReporter -->
<testsuite skipped="0" hostname="Rakesh-PC" name="com.crm.qa.testcases.HomePageTest" tests="5" failures="0" timestamp="01 Aug 2018 07:33:27 GMT" time="146.598" errors="0">
  <testcase name="validateCompaniesPageTitleTest" time="15.224" classname="com.crm.qa.testcases.HomePageTest"/>
  <testcase name="validateUserNameTest" time="41.683" classname="com.crm.qa.testcases.HomePageTest"/>
  <testcase name="validateCompaniesLinkTest" time="32.058" classname="com.crm.qa.testcases.HomePageTest"/>
  <testcase name="mouseMovementOnCompaniesLinkTest" time="32.154" classname="com.crm.qa.testcases.HomePageTest"/>
  <testcase name="verifyResourcesLinkTest" time="25.479" classname="com.crm.qa.testcases.HomePageTest"/>
</testsuite> <!-- com.crm.qa.testcases.HomePageTest -->
