<?xml version="1.0" encoding="UTF-8"?>
<!-- Generated by org.testng.reporters.JUnitReportReporter -->
<testsuite skipped="0" hostname="NGD22770" name="com.crm.qa.testcases.LoginPageTest" tests="4" failures="0" timestamp="26 Jul 2018 11:06:24 GMT" time="53.496" errors="0">
  <testcase name="validateLoginPageTitleTest" time="12.690" classname="com.crm.qa.testcases.LoginPageTest"/>
  <testcase name="validateCRMLogoTest" time="10.545" classname="com.crm.qa.testcases.LoginPageTest"/>
  <testcase name="validateSignUpBtnTest" time="10.874" classname="com.crm.qa.testcases.LoginPageTest"/>
  <testcase name="validateLoginTest" time="19.387" classname="com.crm.qa.testcases.LoginPageTest"/>
</testsuite> <!-- com.crm.qa.testcases.LoginPageTest -->
