<?xml version="1.0" encoding="UTF-8"?>
<!-- Generated by org.testng.reporters.JUnitReportReporter -->
<testsuite skipped="0" hostname="NGD22770" name="com.crm.qa.testcases.CompaniesPageTest" tests="11" failures="0" timestamp="26 Jul 2018 11:06:24 GMT" time="259.351" errors="0">
  <testcase name="validateCompaniesLabel" time="18.815" classname="com.crm.qa.testcases.CompaniesPageTest"/>
  <testcase name="newCompanyTest" time="23.139" classname="com.crm.qa.testcases.CompaniesPageTest"/>
  <testcase name="newCompanyTest" time="29.831" classname="com.crm.qa.testcases.CompaniesPageTest"/>
  <testcase name="newCompanyTest" time="24.605" classname="com.crm.qa.testcases.CompaniesPageTest"/>
  <testcase name="newCompanyTest" time="26.733" classname="com.crm.qa.testcases.CompaniesPageTest"/>
  <testcase name="newCompanyTest" time="25.805" classname="com.crm.qa.testcases.CompaniesPageTest"/>
  <testcase name="newCompanyTest" time="23.252" classname="com.crm.qa.testcases.CompaniesPageTest"/>
  <testcase name="newCompanyTest" time="19.991" classname="com.crm.qa.testcases.CompaniesPageTest"/>
  <testcase name="newCompanyTest" time="20.573" classname="com.crm.qa.testcases.CompaniesPageTest"/>
  <testcase name="newCompanyTest" time="23.193" classname="com.crm.qa.testcases.CompaniesPageTest"/>
  <testcase name="newCompanyTest" time="23.414" classname="com.crm.qa.testcases.CompaniesPageTest"/>
</testsuite> <!-- com.crm.qa.testcases.CompaniesPageTest -->
