<?xml version="1.0" encoding="UTF-8"?>
<!-- Generated by org.testng.reporters.JUnitReportReporter -->
<testsuite skipped="0" hostname="Rakesh-PC" name="com.crm.qa.testcases.ResourcesPageTest" tests="1" failures="0" timestamp="01 Aug 2018 06:39:31 GMT" time="16.485" errors="0">
  <testcase name="validateResourcesLabelTest" time="16.485" classname="com.crm.qa.testcases.ResourcesPageTest"/>
</testsuite> <!-- com.crm.qa.testcases.ResourcesPageTest -->
