<?xml version="1.0" encoding="UTF-8"?>
<!-- Generated by org.testng.reporters.JUnitReportReporter -->
<testsuite skipped="0" hostname="NGD22770" name="com.crm.qa.testcases.HomePageTest" tests="1" failures="0" timestamp="30 Jul 2018 06:50:21 GMT" time="15.467" errors="0">
  <testcase name="validateCompaniesPageTitleTest" time="15.467" classname="com.crm.qa.testcases.HomePageTest"/>
</testsuite> <!-- com.crm.qa.testcases.HomePageTest -->
