<?xml version="1.0" encoding="UTF-8"?>
<!-- Generated by org.testng.reporters.JUnitReportReporter -->
<testsuite skipped="0" hostname="NGD22770" name="com.crm.qa.testcases.CompaniesPageTest" tests="11" failures="0" timestamp="27 Jul 2018 12:16:50 GMT" time="414.520" errors="0">
  <testcase name="validateCompaniesLabel" time="23.348" classname="com.crm.qa.testcases.CompaniesPageTest"/>
  <testcase name="newCompanyTest" time="32.772" classname="com.crm.qa.testcases.CompaniesPageTest"/>
  <testcase name="newCompanyTest" time="59.459" classname="com.crm.qa.testcases.CompaniesPageTest"/>
  <testcase name="newCompanyTest" time="30.630" classname="com.crm.qa.testcases.CompaniesPageTest"/>
  <testcase name="newCompanyTest" time="31.642" classname="com.crm.qa.testcases.CompaniesPageTest"/>
  <testcase name="newCompanyTest" time="58.719" classname="com.crm.qa.testcases.CompaniesPageTest"/>
  <testcase name="newCompanyTest" time="28.275" classname="com.crm.qa.testcases.CompaniesPageTest"/>
  <testcase name="newCompanyTest" time="61.642" classname="com.crm.qa.testcases.CompaniesPageTest"/>
  <testcase name="newCompanyTest" time="28.756" classname="com.crm.qa.testcases.CompaniesPageTest"/>
  <testcase name="newCompanyTest" time="29.429" classname="com.crm.qa.testcases.CompaniesPageTest"/>
  <testcase name="newCompanyTest" time="29.848" classname="com.crm.qa.testcases.CompaniesPageTest"/>
</testsuite> <!-- com.crm.qa.testcases.CompaniesPageTest -->
