<?xml version="1.0" encoding="UTF-8"?>
<!-- Generated by org.testng.reporters.JUnitReportReporter -->
<testsuite skipped="0" hostname="Rakesh-PC" name="com.crm.qa.testcases.CompaniesPageTest" tests="11" failures="0" timestamp="01 Aug 2018 06:39:31 GMT" time="293.324" errors="0">
  <testcase name="validateCompaniesLabel" time="31.176" classname="com.crm.qa.testcases.CompaniesPageTest"/>
  <testcase name="newCompanyTest" time="25.570" classname="com.crm.qa.testcases.CompaniesPageTest"/>
  <testcase name="newCompanyTest" time="28.932" classname="com.crm.qa.testcases.CompaniesPageTest"/>
  <testcase name="newCompanyTest" time="27.831" classname="com.crm.qa.testcases.CompaniesPageTest"/>
  <testcase name="newCompanyTest" time="25.906" classname="com.crm.qa.testcases.CompaniesPageTest"/>
  <testcase name="newCompanyTest" time="26.151" classname="com.crm.qa.testcases.CompaniesPageTest"/>
  <testcase name="newCompanyTest" time="23.725" classname="com.crm.qa.testcases.CompaniesPageTest"/>
  <testcase name="newCompanyTest" time="28.023" classname="com.crm.qa.testcases.CompaniesPageTest"/>
  <testcase name="newCompanyTest" time="28.973" classname="com.crm.qa.testcases.CompaniesPageTest"/>
  <testcase name="newCompanyTest" time="22.997" classname="com.crm.qa.testcases.CompaniesPageTest"/>
  <testcase name="newCompanyTest" time="24.040" classname="com.crm.qa.testcases.CompaniesPageTest"/>
</testsuite> <!-- com.crm.qa.testcases.CompaniesPageTest -->
