<?xml version="1.0" encoding="UTF-8"?>
<!-- Generated by org.testng.reporters.JUnitReportReporter -->
<testsuite skipped="0" hostname="NGD22770" name="com.crm.qa.testcases.LoginPageTest" tests="1" failures="0" timestamp="27 Jul 2018 12:16:50 GMT" time="14.745" errors="0">
  <testcase name="validateLoginPageTitleTest" time="14.745" classname="com.crm.qa.testcases.LoginPageTest"/>
</testsuite> <!-- com.crm.qa.testcases.LoginPageTest -->
