<?xml version="1.0" encoding="UTF-8"?>
<!-- Generated by org.testng.reporters.JUnitReportReporter -->
<testsuite skipped="0" hostname="NGD22770" name="com.crm.qa.testcases.HomePageTest" tests="1" failures="0" timestamp="27 Jul 2018 12:16:50 GMT" time="20.593" errors="0">
  <testcase name="validateCompaniesPageTitleTest" time="20.593" classname="com.crm.qa.testcases.HomePageTest"/>
</testsuite> <!-- com.crm.qa.testcases.HomePageTest -->
