<?xml version="1.0" encoding="UTF-8"?>
<!-- Generated by org.testng.reporters.JUnitReportReporter -->
<testsuite skipped="0" hostname="Rakesh-PC" name="com.crm.qa.testcases.HomePageTest" tests="1" failures="0" timestamp="01 Aug 2018 06:39:31 GMT" time="19.122" errors="0">
  <testcase name="validateCompaniesPageTitleTest" time="19.122" classname="com.crm.qa.testcases.HomePageTest"/>
</testsuite> <!-- com.crm.qa.testcases.HomePageTest -->
