<?xml version="1.0" encoding="UTF-8"?>
<!-- Generated by org.testng.reporters.JUnitReportReporter -->
<testsuite skipped="0" hostname="NGD22770" name="com.crm.qa.testcases.CompaniesPageTest" tests="11" failures="0" timestamp="30 Jul 2018 06:50:21 GMT" time="323.860" errors="0">
  <testcase name="validateCompaniesLabel" time="17.645" classname="com.crm.qa.testcases.CompaniesPageTest"/>
  <testcase name="newCompanyTest" time="21.805" classname="com.crm.qa.testcases.CompaniesPageTest"/>
  <testcase name="newCompanyTest" time="41.484" classname="com.crm.qa.testcases.CompaniesPageTest"/>
  <testcase name="newCompanyTest" time="19.441" classname="com.crm.qa.testcases.CompaniesPageTest"/>
  <testcase name="newCompanyTest" time="19.051" classname="com.crm.qa.testcases.CompaniesPageTest"/>
  <testcase name="newCompanyTest" time="48.886" classname="com.crm.qa.testcases.CompaniesPageTest"/>
  <testcase name="newCompanyTest" time="22.467" classname="com.crm.qa.testcases.CompaniesPageTest"/>
  <testcase name="newCompanyTest" time="49.356" classname="com.crm.qa.testcases.CompaniesPageTest"/>
  <testcase name="newCompanyTest" time="18.756" classname="com.crm.qa.testcases.CompaniesPageTest"/>
  <testcase name="newCompanyTest" time="22.552" classname="com.crm.qa.testcases.CompaniesPageTest"/>
  <testcase name="newCompanyTest" time="42.417" classname="com.crm.qa.testcases.CompaniesPageTest"/>
</testsuite> <!-- com.crm.qa.testcases.CompaniesPageTest -->
